Removed Pin From Net: NetName=1.2B Pin=J?-1
Removed Pin From Net: NetName=1.2A Pin=J?-2
Removed Pin From Net: NetName=1.1A Pin=J?-3
Removed Pin From Net: NetName=1.1B Pin=J?-4
Removed Pin From Net: NetName=2.2B Pin=J?-5
Removed Pin From Net: NetName=2.2A Pin=J?-6
Removed Pin From Net: NetName=2.1A Pin=J?-7
Removed Pin From Net: NetName=2.1B Pin=J?-8
Added Pin To Net: NetName=1.1B Pin=J?-1
Added Pin To Net: NetName=1.1A Pin=J?-2
Added Pin To Net: NetName=1.2A Pin=J?-3
Added Pin To Net: NetName=1.2B Pin=J?-4
Added Pin To Net: NetName=2.1B Pin=J?-5
Added Pin To Net: NetName=2.1A Pin=J?-6
Added Pin To Net: NetName=2.2A Pin=J?-7
Added Pin To Net: NetName=2.2B Pin=J?-8
Add Net: Net with name "NetU?_5" already exists
Added Member To Class: ClassName=DRIVER Member=Component J? TBP04R1-500-08BE
Added Member To Class: ClassName=DRIVER Member=Component J? TSW-103-24-T-D
Added Member To Class: ClassName=DRIVER Member=Component U? MODULE A4988
