Removed Member From Class: ClassName=DRIVER Member=U?
Change Component Designator: OldDesignator=J? NewDesignator=J2
Change Component Designator: OldDesignator=J? NewDesignator=J3
Change Component Designator: OldDesignator=J? NewDesignator=J4
Change Component Designator: OldDesignator=U? NewDesignator=U1
Change Component Designator: OldDesignator=U? NewDesignator=U2
Change Component Designator: OldDesignator=U? NewDesignator=U3
Added Component: Designator=J1(TBP04R1-500-08BE)
Add component (AddParameter): Name = "Check_prices"; Value = "https://www.snapeda.com/parts/TBP04R1-500-08BE/Same+Sky/view-part/?ref=eda"; VariantName = "[No Variations]"
Add component (AddParameter): Name = "MF"; Value = "Same Sky"; VariantName = "[No Variations]"
Add component (AddParameter): Name = "MP"; Value = "TBP04R1-500-08BE"; VariantName = "[No Variations]"
Add component (AddParameter): Name = "Package"; Value = "None"; VariantName = "[No Variations]"
Add component (AddParameter): Name = "SnapEDA_Link"; Value = "https://www.snapeda.com/parts/TBP04R1-500-08BE/Same+Sky/view-part/?ref=snap"; VariantName = "[No Variations]"
Add component (AddParameter): Name = "Value"; Value = ""; VariantName = "[No Variations]"
Added Pin To Net: NetName=12V Pin=J1-1
Added Pin To Net: NetName=GND Pin=J1-2
Added Pin To Net: NetName=12V Pin=J1-3
Added Pin To Net: NetName=GND Pin=J1-4
Added Pin To Net: NetName=LASER Pin=J1-5
Added Pin To Net: NetName=SW1 Pin=J1-6
Added Pin To Net: NetName=SW2 Pin=J1-7
Added Pin To Net: NetName=GND Pin=J1-8
Change Net Name : Old Net Name=NetU?_5 New Net Name=NetU3_5
Added Pin To Net: NetName=NetU2_5 Pin=U2-5
Added Pin To Net: NetName=NetU2_5 Pin=U2-6
Added Net: Name=NetU2_5
Added Member To Class: ClassName=MCU Member=Component J1 TBP04R1-500-08BE
Added Member To Class: ClassName=DRIVER Member=Component J2 TSW-103-24-T-D
Added Member To Class: ClassName=DRIVER Member=Component J3 TSW-103-24-T-D
Added Member To Class: ClassName=DRIVER Member=Component U2 MODULE A4988
Added Member To Class: ClassName=DRIVER Member=Component U3 MODULE A4988
